2023-12-04 17:23:39|   0.0|  0.0|INFORM|Current FME version: FME 2023.1.2.0 (20231110 - Build 23641 - WIN64)
2023-12-04 17:23:39|   0.0|  0.0|INFORM|System Time: 20231204162340 UTC
2023-12-04 17:23:39|   0.0|  0.0|INFORM|FME_HOME is 'D:\FME\'
2023-12-04 17:23:39|   0.0|  0.0|INFORM|FME Form Fixed (node locked-crc)
2023-12-04 17:23:39|   0.0|  0.0|INFORM|Serial Number: CAM5-FPLH-189X
2023-12-04 17:23:39|   0.0|  0.0|INFORM|Temporary License: 348 days left.
2023-12-04 17:23:39|   0.0|  0.0|INFORM|Machine host name is: DESKTOP-OJ60UHO
2023-12-04 17:23:39|   0.0|  0.0|INFORM|OS Locale Name     : pl_PL
2023-12-04 17:23:39|   0.0|  0.0|INFORM|OS Locale Encoding : windows-1250
2023-12-04 17:23:39|   0.0|  0.0|INFORM|Process Encoding   : UTF-8
2023-12-04 17:23:39|   0.0|  0.0|INFORM|FME API version: '4.0 20230426'
2023-12-04 17:23:39|   0.0|  0.0|INFORM|FME Configuration: FME_BASE is 'no'
2023-12-04 17:23:39|   0.0|  0.0|INFORM|FME Configuration: FME_MF_DIR is 'C:\Users\franekb1111\OneDrive\Pulpit\Bazy danych przestrzennych\cwiczenia_9/'
2023-12-04 17:23:39|   0.0|  0.0|INFORM|FME Configuration: FME_MF_NAME is 'shapefile_geotiff2none.fmw'
2023-12-04 17:23:39|   0.0|  0.0|INFORM|FME Configuration: FME_PRODUCT_NAME is 'FME(R) 2023.1.2.0'
2023-12-04 17:23:39|   0.0|  0.0|INFORM|Operating System: Microsoft Windows 10 64-bit  (Build 19045)
2023-12-04 17:23:39|   0.0|  0.0|INFORM|FME Platform: WIN64
2023-12-04 17:23:39|   0.0|  0.0|INFORM|System Status: 55.51 GB of disk space available in the FME temporary folder (C:\Users\FRANEK~1\AppData\Local\Temp\wbrun_1701705338585_11504\fmetmp_b)
2023-12-04 17:23:39|   0.0|  0.0|INFORM|System Status: 15.93 GB of physical memory available
2023-12-04 17:23:39|   0.0|  0.0|INFORM|System Status: 63.71 GB of virtual memory available
2023-12-04 17:23:39|   0.0|  0.0|INFORM|START - ProcessID: 14208, peak process memory usage: 42340 kB, current process memory usage: 42340 kB
2023-12-04 17:23:39|   0.0|  0.0|INFORM|FME Configuration: Command line arguments are `D:\FME\fme.exe' `C:\Users\franekb1111\OneDrive\Pulpit\Bazy danych przestrzennych\cwiczenia_9\wb-xlate-1701707017507_11504' `LOG_STANDARDOUT' `YES' `LOG_TIMINGS' `YES' `LogCountServerName' `63989' `LOG_STANDARDOUT' `No' `WORKBENCH_LOG_SERVER' `63979'
2023-12-04 17:23:39|   0.0|  0.0|INFORM|FME Configuration: Connection Storage: 'C:\Users\franekb1111\AppData\Roaming\Safe Software\FME\'
2023-12-04 17:23:39|   0.0|  0.0|INFORM|Shared folders for formats are : D:\FME\datasources;C:\Users\franekb1111\OneDrive\Dokumenty\FME\Formats
2023-12-04 17:23:39|   0.0|  0.0|INFORM|Shared folders for transformers are : C:\Users\franekb1111\AppData\Roaming\Safe Software\FME\Packages\23641-win64\transformers;D:\FME\transformers;C:\Users\franekb1111\AppData\Roaming\Safe Software\FME\FME Store\Transformers
2023-12-04 17:23:39|   0.0|  0.0|INFORM|Shared folders for coordinate systems are : C:\Users\franekb1111\OneDrive\Dokumenty\FME\CoordinateSystems
2023-12-04 17:23:39|   0.0|  0.0|INFORM|Shared folders for coordinate system exceptions are : C:\Users\franekb1111\OneDrive\Dokumenty\FME\CoordinateSystemExceptions
2023-12-04 17:23:39|   0.0|  0.0|INFORM|Shared folders for coordinate system grid overrides are : C:\Users\franekb1111\OneDrive\Dokumenty\FME\CoordinateSystemGridOverrides
2023-12-04 17:23:39|   0.0|  0.0|INFORM|Shared folders for CS-MAP transformation exceptions are : C:\Users\franekb1111\OneDrive\Dokumenty\FME\CsmapTransformationExceptions
2023-12-04 17:23:39|   0.0|  0.0|INFORM|Shared folders for transformer categories are : C:\Users\franekb1111\OneDrive\Dokumenty\FME\TransformerCategories
2023-12-04 17:23:39|   0.0|  0.0|INFORM|FME Configuration: Reader Keyword is `MULTI_READER'
2023-12-04 17:23:39|   0.0|  0.0|INFORM|FME Configuration: Writer Keyword is `PRIMARY_DEST'
2023-12-04 17:23:39|   0.0|  0.0|INFORM|FME Configuration: Writer Group Definition Keyword is `PRIMARY_DEST_DEF'
2023-12-04 17:23:39|   0.0|  0.0|INFORM|FME Configuration: Reader type is `MULTI_READER'
2023-12-04 17:23:39|   0.0|  0.0|INFORM|FME Configuration: Writer type is `MULTI_WRITER'
2023-12-04 17:23:39|   0.0|  0.0|INFORM|FME Configuration: No destination coordinate system set
2023-12-04 17:23:39|   0.0|  0.0|INFORM|FME Configuration: Current working folder is `C:\Users\franekb1111\OneDrive\Pulpit\Bazy danych przestrzennych\cwiczenia_9'
2023-12-04 17:23:39|   0.0|  0.0|INFORM|FME Configuration: Temporary folder is `C:\Users\FRANEK~1\AppData\Local\Temp\wbrun_1701705338585_11504\fmetmp_b', set from environment variable `FME_TEMP'
2023-12-04 17:23:39|   0.0|  0.0|INFORM|FME Configuration: Cache folder is 'C:\Users\FRANEK~1\AppData\Local\Temp'
2023-12-04 17:23:39|   0.0|  0.0|INFORM|FME Configuration: FME_HOME is `D:\FME\'
2023-12-04 17:23:39|   0.0|  0.0|INFORM|FME Configuration: Start freeing memory when the process exceeds 47.78 GB
2023-12-04 17:23:39|   0.0|  0.0|INFORM|FME Configuration: Stop freeing memory when the process is below 35.84 GB
2023-12-04 17:23:39|   0.0|  0.0|INFORM|Creating writer for format: 
2023-12-04 17:23:39|   0.0|  0.0|INFORM|Creating reader for format: 
2023-12-04 17:23:39|   0.0|  0.0|INFORM|MULTI_READER(MULTI_READER): Will fail with first member reader failure
2023-12-04 17:23:39|   0.0|  0.0|INFORM|Using Multi Reader with keyword `MULTI_READER' to read multiple datasets
2023-12-04 17:23:39|   0.0|  0.0|INFORM|Using MultiWriter with keyword `PRIMARY_DEST' to output data (ID_ATTRIBUTE is `multi_writer_id')
2023-12-04 17:23:39|   0.0|  0.0|INFORM|Writer output will be ordered by value of multi_writer_id
2023-12-04 17:23:39|   0.0|  0.0|INFORM|Loaded module 'LogCount_func' from file 'D:\FME\plugins/LogCount_func.dll'
2023-12-04 17:23:39|   0.0|  0.0|INFORM|FME API version of module 'LogCount_func' matches current internal version (4.0 20230426)
2023-12-04 17:23:39|   0.0|  0.0|INFORM|Loaded module 'RemoveRasterPalettes_func' from file 'D:\FME\plugins/RemoveRasterPalettes_func.dll'
2023-12-04 17:23:39|   0.0|  0.0|INFORM|FME API version of module 'RemoveRasterPalettes_func' matches current internal version (4.0 20230426)
2023-12-04 17:23:39|   0.0|  0.0|INFORM|Emptying factory pipeline
2023-12-04 17:23:39|   0.0|  0.0|STATS |Router and Unexpected Input Remover (RoutingFactory): Tested 0 input feature(s), wrote 0 output feature(s): 0 matched merge filters, 0 were routed to output, 0 could not be routed.
2023-12-04 17:23:39|   0.0|  0.0|STATS |Unwanted Router Input Nuker (TeeFactory): Cloned 0 input feature(s) into 0 output feature(s)
2023-12-04 17:23:39|   0.0|  0.0|STATS |GEOTIFF_GEOTIFF_1 Splitter (TeeFactory): Cloned 0 input feature(s) into 0 output feature(s)
2023-12-04 17:23:39|   0.0|  0.0|STATS |Boundary-line-ceremonial-counties_region_SHAPEFILE_1 Splitter (TeeFactory): Cloned 0 input feature(s) into 0 output feature(s)
2023-12-04 17:23:39|   0.0|  0.0|STATS |Restoring 6 feature(s) from FME feature store file `C:\Users\FRANEK~1\AppData\Local\Temp\wb-cache-shapefile_geotiff2none-oCeoAm\Main_Clipper -1 6 fo 0 INSIDE  0  bf18c685a6a3062a5eee42de954067489df92c28.ffs'
2023-12-04 17:23:40|   0.2|  0.2|INFORM|FME Configuration: Using connection values from 'cw9' for POSTGIS_RASTER_1
2023-12-04 17:23:40|   0.2|  0.0|INFORM|Creating writer for format: PostGIS Raster
2023-12-04 17:23:40|   0.2|  0.0|INFORM|Trying to find a DYNAMIC plugin for writer named `POSTGIS_RASTER'
2023-12-04 17:23:40|   0.2|  0.0|INFORM|Loaded module 'POSTGIS_RASTER' from file 'D:\FME\plugins/POSTGIS.dll'
2023-12-04 17:23:40|   0.2|  0.0|INFORM|FME API version of module 'POSTGIS' matches current internal version (4.0 20230426)
2023-12-04 17:23:40|   0.2|  0.0|INFORM|FME Configuration: No destination coordinate system set
2023-12-04 17:23:40|   0.2|  0.0|INFORM|Writer `POSTGIS_RASTER_1' of type `POSTGIS_RASTER' using group definition keyword `POSTGIS_RASTER_1_DEF'
2023-12-04 17:23:40|   0.2|  0.0|INFORM|Opening POSTGIS_RASTER writer for dataset 'cw9'...
2023-12-04 17:23:40|   0.2|  0.0|INFORM|PostGIS client encoding: 'UTF8'
2023-12-04 17:23:40|   0.2|  0.0|INFORM|PostgreSQL 15.2, compiled by Visual C++ build 1914, 64-bit
2023-12-04 17:23:40|   0.2|  0.0|INFORM|3.4 USE_GEOS=1 USE_PROJ=1 USE_STATS=1
2023-12-04 17:23:40|   0.2|  0.0|INFORM|Testing for the existence of table 'public.Exports'...
2023-12-04 17:23:40|   0.2|  0.0|INFORM|Creating table 'public.Exports'...
2023-12-04 17:23:40|   0.5|  0.3|INFORM|POSTGIS_RASTER Writer: Creating 'Raster' geometry processor for feature type 'Exports'
2023-12-04 17:23:40|   0.5|  0.0|INFORM|POSTGIS_RASTER Writer: Creating 'streaming Bulk Copy' feature type processor for feature type 'Exports'
2023-12-04 17:23:40|   0.5|  0.0|STATS |RasterPaletteRemover (TeeFactory): Cloned 6 input feature(s) into 6 output feature(s)
2023-12-04 17:23:40|   0.5|  0.0|STATS |RasterPaletteRemover_Rejector (TestFactory): Tested 6 input feature(s) -- 0 feature(s) passed and 6 feature(s) failed
2023-12-04 17:23:40|   0.5|  0.0|STATS |Destination Feature Type Routing Correlator (RoutingFactory): Tested 6 input feature(s), wrote 6 output feature(s): 0 matched merge filters, 6 were routed to output, 0 could not be routed.
2023-12-04 17:23:40|   0.5|  0.0|STATS |Final Output Nuker (TeeFactory): Cloned 0 input feature(s) into 0 output feature(s)
2023-12-04 17:23:40|   0.5|  0.0|INFORM|Creating 'GIST' index on column  ST_ConvexHull("rast") of table 'public.Exports'...
2023-12-04 17:23:40|   0.5|  0.0|INFORM|Successfully closed POSTGIS_RASTER database writer
2023-12-04 17:23:40|   0.5|  0.0|INFORM|=-=-=-=-=-=-=-=-=-=-=-=-=-=-=-=-=-=-=-=-=-=-=-=-=-=-=-=-=-=-=-=-=-=-=-=-=-=-=-
2023-12-04 17:23:40|   0.5|  0.0|INFORM|Feature output statistics for `POSTGIS_RASTER' writer using keyword `POSTGIS_RASTER_1':
2023-12-04 17:23:40|   0.5|  0.0|STATS |=-=-=-=-=-=-=-=-=-=-=-=-=-=-=-=-=-=-=-=-=-=-=-=-=-=-=-=-=-=-=-=-=-=-=-=-=-=-=-
2023-12-04 17:23:40|   0.5|  0.0|STATS |                               Features Written
2023-12-04 17:23:40|   0.5|  0.0|STATS |=-=-=-=-=-=-=-=-=-=-=-=-=-=-=-=-=-=-=-=-=-=-=-=-=-=-=-=-=-=-=-=-=-=-=-=-=-=-=-
2023-12-04 17:23:40|   0.5|  0.0|STATS |Exports                                                                      6
2023-12-04 17:23:40|   0.5|  0.0|STATS |==============================================================================
2023-12-04 17:23:40|   0.5|  0.0|STATS |Total Features Written                                                       6
2023-12-04 17:23:40|   0.5|  0.0|STATS |=-=-=-=-=-=-=-=-=-=-=-=-=-=-=-=-=-=-=-=-=-=-=-=-=-=-=-=-=-=-=-=-=-=-=-=-=-=-=-
2023-12-04 17:23:40|   0.5|  0.0|STATS |=-=-=-=-=-=-=-=-=-=-=-=-=-=-=-=-=-=-=-=-=-=-=-=-=-=-=-=-=-=-=-=-=-=-=-=-=-=-=-
2023-12-04 17:23:40|   0.5|  0.0|STATS |                            Features Read Summary
2023-12-04 17:23:40|   0.5|  0.0|STATS |=-=-=-=-=-=-=-=-=-=-=-=-=-=-=-=-=-=-=-=-=-=-=-=-=-=-=-=-=-=-=-=-=-=-=-=-=-=-=-
2023-12-04 17:23:40|   0.5|  0.0|STATS |==============================================================================
2023-12-04 17:23:40|   0.5|  0.0|STATS |Total Features Read                                                          0
2023-12-04 17:23:40|   0.5|  0.0|STATS |=-=-=-=-=-=-=-=-=-=-=-=-=-=-=-=-=-=-=-=-=-=-=-=-=-=-=-=-=-=-=-=-=-=-=-=-=-=-=-
2023-12-04 17:23:40|   0.5|  0.0|STATS |=-=-=-=-=-=-=-=-=-=-=-=-=-=-=-=-=-=-=-=-=-=-=-=-=-=-=-=-=-=-=-=-=-=-=-=-=-=-=-
2023-12-04 17:23:40|   0.5|  0.0|STATS |                           Features Written Summary
2023-12-04 17:23:40|   0.5|  0.0|STATS |=-=-=-=-=-=-=-=-=-=-=-=-=-=-=-=-=-=-=-=-=-=-=-=-=-=-=-=-=-=-=-=-=-=-=-=-=-=-=-
2023-12-04 17:23:40|   0.5|  0.0|STATS |Exports                                                                      6
2023-12-04 17:23:40|   0.5|  0.0|STATS |==============================================================================
2023-12-04 17:23:40|   0.5|  0.0|STATS |Total Features Written                                                       6
2023-12-04 17:23:40|   0.5|  0.0|STATS |=-=-=-=-=-=-=-=-=-=-=-=-=-=-=-=-=-=-=-=-=-=-=-=-=-=-=-=-=-=-=-=-=-=-=-=-=-=-=-
2023-12-04 17:23:40|   0.5|  0.0|WARN  |-~-~-~-~-~-~-~-~-~-~-~-~-~-~-~-~-~-~-~-~-~-~-~-~-~-~-~-~-~-~-~-~-~-~-~-~-~-~-~-~-
2023-12-04 17:23:40|   0.5|  0.0|WARN  |-~                                                                             ~-
2023-12-04 17:23:40|   0.5|  0.0|WARN  |-~    Feature caches have been recorded at every stage of the translation.     ~-
2023-12-04 17:23:40|   0.5|  0.0|WARN  |-~                      To inspect the recorded features,                      ~-
2023-12-04 17:23:40|   0.6|  0.1|WARN  |-~              click the feature cache icons next to the ports.               ~-
2023-12-04 17:23:40|   0.6|  0.0|WARN  |-~                                                                             ~-
2023-12-04 17:23:40|   0.6|  0.0|WARN  |-~-~-~-~-~-~-~-~-~-~-~-~-~-~-~-~-~-~-~-~-~-~-~-~-~-~-~-~-~-~-~-~-~-~-~-~-~-~-~-~-
2023-12-04 17:23:40|   0.6|  0.0|INFORM|Translation was SUCCESSFUL with 7 warning(s) (6 feature(s) output)
2023-12-04 17:23:40|   0.6|  0.0|INFORM|FME Session Duration: 1.1 seconds. (CPU: 0.3s user, 0.3s system)
2023-12-04 17:23:40|   0.6|  0.0|INFORM|END - ProcessID: 14208, peak process memory usage: 118264 kB, current process memory usage: 94656 kB
