2024-01-07 19:30:12|   0.0|  0.0|INFORM|Current FME version: FME 2023.1.2.0 (20231110 - Build 23641 - WIN64)
2024-01-07 19:30:12|   0.0|  0.0|INFORM|System Time: 20240107183013 UTC
2024-01-07 19:30:12|   0.0|  0.0|INFORM|FME_HOME is 'D:\FME\'
2024-01-07 19:30:12|   0.0|  0.0|INFORM|FME Form Fixed (node locked-crc)
2024-01-07 19:30:12|   0.0|  0.0|INFORM|Serial Number: CAM5-FPLH-189X
2024-01-07 19:30:12|   0.0|  0.0|INFORM|Temporary License: 314 days left.
2024-01-07 19:30:13|   0.0|  0.0|INFORM|Machine host name is: DESKTOP-OJ60UHO
2024-01-07 19:30:13|   0.0|  0.0|INFORM|OS Locale Name     : pl_PL
2024-01-07 19:30:13|   0.0|  0.0|INFORM|OS Locale Encoding : windows-1250
2024-01-07 19:30:13|   0.0|  0.0|INFORM|Process Encoding   : UTF-8
2024-01-07 19:30:13|   0.0|  0.0|INFORM|FME API version: '4.0 20230426'
2024-01-07 19:30:13|   0.0|  0.0|INFORM|FME Configuration: FME_BASE is 'no'
2024-01-07 19:30:13|   0.0|  0.0|INFORM|FME Configuration: FME_MF_DIR is 'C:\Users\franekb1111\OneDrive\Pulpit\Bazy danych przestrzennych\cwiczenia_10/'
2024-01-07 19:30:13|   0.0|  0.0|INFORM|FME Configuration: FME_MF_NAME is 'shapefile2none.fmw'
2024-01-07 19:30:13|   0.0|  0.0|INFORM|FME Configuration: FME_PRODUCT_NAME is 'FME(R) 2023.1.2.0'
2024-01-07 19:30:13|   0.0|  0.0|INFORM|Operating System: Microsoft Windows 10 64-bit  (Build 19045)
2024-01-07 19:30:13|   0.0|  0.0|INFORM|FME Platform: WIN64
2024-01-07 19:30:13|   0.0|  0.0|INFORM|System Status: 31.64 GB of disk space available in the FME temporary folder (C:\Users\FRANEK~1\AppData\Local\Temp\wbrun_1704646319810_22400\fmetmp_7)
2024-01-07 19:30:13|   0.0|  0.0|INFORM|System Status: 15.93 GB of physical memory available
2024-01-07 19:30:13|   0.0|  0.0|INFORM|System Status: 63.71 GB of virtual memory available
2024-01-07 19:30:13|   0.0|  0.0|INFORM|START - ProcessID: 11620, peak process memory usage: 136824 kB, current process memory usage: 86732 kB
2024-01-07 19:30:13|   0.0|  0.0|INFORM|FME Configuration: Command line arguments are `D:\FME\fme.exe' `C:\Users\franekb1111\OneDrive\Pulpit\Bazy danych przestrzennych\cwiczenia_10\wb-xlate-1704652183925_22400' `LOG_STANDARDOUT' `YES' `LOG_TIMINGS' `YES' `LogCountServerName' `50805' `LOG_STANDARDOUT' `No' `WORKBENCH_LOG_SERVER' `50515'
2024-01-07 19:30:13|   0.0|  0.0|INFORM|FME Configuration: Connection Storage: 'C:\Users\franekb1111\AppData\Roaming\Safe Software\FME\'
2024-01-07 19:30:13|   0.0|  0.0|INFORM|Using Python interpreter from `D:\FME\fmepython311\python311.dll' with PYTHONHOME `D:\FME\fmepython311'
2024-01-07 19:30:13|   0.0|  0.0|INFORM|Python version 3.11 loaded successfully
2024-01-07 19:30:13|   0.0|  0.0|INFORM|Adding folder `C:\Users\franekb1111\AppData\Roaming\Safe Software\FME\FME Store\Transformers\' to the python path
2024-01-07 19:30:13|   0.0|  0.0|INFORM|FME_BEGIN_PYTHON: evaluating python script from string...
2024-01-07 19:30:15|   0.0|  0.0|INFORM|FME_BEGIN_PYTHON: python script execution complete.
2024-01-07 19:30:15|   0.0|  0.0|INFORM|Shared folders for formats are : D:\FME\datasources;C:\Users\franekb1111\OneDrive\Dokumenty\FME\Formats
2024-01-07 19:30:15|   0.0|  0.0|INFORM|Shared folders for transformers are : C:\Users\franekb1111\AppData\Roaming\Safe Software\FME\Packages\23641-win64\transformers;D:\FME\transformers;C:\Users\franekb1111\AppData\Roaming\Safe Software\FME\FME Store\Transformers
2024-01-07 19:30:15|   0.0|  0.0|INFORM|Shared folders for coordinate systems are : C:\Users\franekb1111\OneDrive\Dokumenty\FME\CoordinateSystems
2024-01-07 19:30:15|   0.0|  0.0|INFORM|Shared folders for coordinate system exceptions are : C:\Users\franekb1111\OneDrive\Dokumenty\FME\CoordinateSystemExceptions
2024-01-07 19:30:15|   0.0|  0.0|INFORM|Shared folders for coordinate system grid overrides are : C:\Users\franekb1111\OneDrive\Dokumenty\FME\CoordinateSystemGridOverrides
2024-01-07 19:30:15|   0.0|  0.0|INFORM|Shared folders for CS-MAP transformation exceptions are : C:\Users\franekb1111\OneDrive\Dokumenty\FME\CsmapTransformationExceptions
2024-01-07 19:30:15|   0.0|  0.0|INFORM|Shared folders for transformer categories are : C:\Users\franekb1111\OneDrive\Dokumenty\FME\TransformerCategories
2024-01-07 19:30:15|   0.0|  0.0|INFORM|FME Configuration: Reader Keyword is `MULTI_READER'
2024-01-07 19:30:15|   0.0|  0.0|INFORM|FME Configuration: Writer Keyword is `MULTI_DEST'
2024-01-07 19:30:15|   0.0|  0.0|INFORM|FME Configuration: Writer Group Definition Keyword is `MULTI_DEST_DEF'
2024-01-07 19:30:15|   0.0|  0.0|INFORM|FME Configuration: Reader type is `MULTI_READER'
2024-01-07 19:30:15|   0.0|  0.0|INFORM|FME Configuration: Writer type is `MULTI_WRITER'
2024-01-07 19:30:15|   0.1|  0.1|INFORM|FME Configuration: No destination coordinate system set
2024-01-07 19:30:15|   0.1|  0.0|INFORM|FME Configuration: Current working folder is `C:\Users\franekb1111\OneDrive\Pulpit\Bazy danych przestrzennych\cwiczenia_10'
2024-01-07 19:30:15|   0.1|  0.0|INFORM|FME Configuration: Temporary folder is `C:\Users\FRANEK~1\AppData\Local\Temp\wbrun_1704646319810_22400\fmetmp_7', set from environment variable `FME_TEMP'
2024-01-07 19:30:15|   0.1|  0.0|INFORM|FME Configuration: Cache folder is 'C:\Users\FRANEK~1\AppData\Local\Temp'
2024-01-07 19:30:15|   0.1|  0.0|INFORM|FME Configuration: FME_HOME is `D:\FME\'
2024-01-07 19:30:15|   0.1|  0.0|INFORM|FME Configuration: Start freeing memory when the process exceeds 47.78 GB
2024-01-07 19:30:15|   0.1|  0.0|INFORM|FME Configuration: Stop freeing memory when the process is below 35.84 GB
2024-01-07 19:30:15|   0.2|  0.1|INFORM|Creating writer for format: 
2024-01-07 19:30:15|   0.2|  0.0|INFORM|Creating reader for format: 
2024-01-07 19:30:15|   0.2|  0.0|INFORM|MULTI_READER(MULTI_READER): Will fail with first member reader failure
2024-01-07 19:30:15|   0.2|  0.0|INFORM|Using Multi Reader with keyword `MULTI_READER' to read multiple datasets
2024-01-07 19:30:15|   0.2|  0.0|INFORM|Using MultiWriter with keyword `MULTI_DEST' to output data (ID_ATTRIBUTE is `multi_writer_id')
2024-01-07 19:30:15|   0.2|  0.0|INFORM|Loaded module 'LogCount_func' from file 'D:\FME\plugins/LogCount_func.dll'
2024-01-07 19:30:15|   0.2|  0.0|INFORM|FME API version of module 'LogCount_func' matches current internal version (4.0 20230426)
2024-01-07 19:30:15|   0.2|  0.0|INFORM|Loaded module 'JSONGeometry_func' from file 'D:\FME\plugins/JSONGeometry_func.dll'
2024-01-07 19:30:15|   0.2|  0.0|INFORM|FME API version of module 'JSONGeometry_func' matches current internal version (4.0 20230426)
2024-01-07 19:30:15|   0.2|  0.0|INFORM|Loaded module 'PythonFactory' from file 'D:\FME\plugins/PythonFactory.dll'
2024-01-07 19:30:15|   0.2|  0.0|INFORM|FME API version of module 'PythonFactory' matches current internal version (4.0 20230426)
2024-01-07 19:30:15|   0.2|  0.0|INFORM|Loaded module 'JSONQueryFactory' from file 'D:\FME\plugins/JSONQueryFactory.dll'
2024-01-07 19:30:15|   0.2|  0.0|INFORM|FME API version of module 'JSONQueryFactory' matches current internal version (4.0 20230426)
2024-01-07 19:30:15|   0.2|  0.0|INFORM|Loaded module 'QueryFactory' from file 'D:\FME\plugins/QueryFactory.dll'
2024-01-07 19:30:15|   0.2|  0.0|INFORM|FME API version of module 'QueryFactory' matches current internal version (4.0 20230426)
2024-01-07 19:30:15|   0.2|  0.0|INFORM|Loaded module 'RasterSplitterFactory' from file 'D:\FME\plugins/RasterSplitterFactory.dll'
2024-01-07 19:30:15|   0.2|  0.0|INFORM|FME API version of module 'RasterSplitterFactory' matches current internal version (4.0 20230426)
2024-01-07 19:30:15|   0.2|  0.0|INFORM|Loaded module 'Geometry_func' from file 'D:\FME\plugins/Geometry_func.dll'
2024-01-07 19:30:15|   0.2|  0.0|INFORM|FME API version of module 'Geometry_func' matches current internal version (4.0 20230426)
2024-01-07 19:30:15|   0.2|  0.0|INFORM|Loaded module 'RasterProperties_func' from file 'D:\FME\plugins/RasterProperties_func.dll'
2024-01-07 19:30:15|   0.2|  0.0|INFORM|FME API version of module 'RasterProperties_func' matches current internal version (4.0 20230426)
2024-01-07 19:30:15|   0.2|  0.0|INFORM|Loaded module 'RasterNodata_func' from file 'D:\FME\plugins/RasterNodata_func.dll'
2024-01-07 19:30:15|   0.2|  0.0|INFORM|FME API version of module 'RasterNodata_func' matches current internal version (4.0 20230426)
2024-01-07 19:30:15|   0.2|  0.0|INFORM|Loaded module 'RasterEvaluationFactory' from file 'D:\FME\plugins/RasterEvaluationFactory.dll'
2024-01-07 19:30:15|   0.2|  0.0|INFORM|FME API version of module 'RasterEvaluationFactory' matches current internal version (4.0 20230426)
2024-01-07 19:30:15|   0.2|  0.0|INFORM|Loaded module 'RasterPaletteAttributes_func' from file 'D:\FME\plugins/RasterPaletteAttributes_func.dll'
2024-01-07 19:30:15|   0.2|  0.0|INFORM|FME API version of module 'RasterPaletteAttributes_func' matches current internal version (4.0 20230426)
2024-01-07 19:30:15|   0.2|  0.0|INFORM|Loaded module 'RasterStatisticsFactory' from file 'D:\FME\plugins/RasterStatisticsFactory.dll'
2024-01-07 19:30:15|   0.2|  0.0|INFORM|FME API version of module 'RasterStatisticsFactory' matches current internal version (4.0 20230426)
2024-01-07 19:30:15|   0.2|  0.0|INFORM|Loaded module 'InspectorFactory' from file 'D:\FME\plugins/InspectorFactory.dll'
2024-01-07 19:30:15|   0.2|  0.0|INFORM|FME API version of module 'InspectorFactory' matches current internal version (4.0 20230426)
2024-01-07 19:30:15|   0.2|  0.0|INFORM|Emptying factory pipeline
2024-01-07 19:30:15|   0.2|  0.0|STATS |Router and Unexpected Input Remover (RoutingFactory): Tested 0 input feature(s), wrote 0 output feature(s): 0 matched merge filters, 0 were routed to output, 0 could not be routed.
2024-01-07 19:30:15|   0.2|  0.0|STATS |Unwanted Router Input Nuker (TeeFactory): Cloned 0 input feature(s) into 0 output feature(s)
2024-01-07 19:30:15|   0.2|  0.0|STATS |A02_Granice_powiatow_SHAPEFILE_1 Splitter (TeeFactory): Cloned 0 input feature(s) into 0 output feature(s)
2024-01-07 19:30:15|   0.3|  0.1|STATS |Restoring 1 feature(s) from FME feature store file `C:\Users\FRANEK~1\AppData\Local\Temp\wb-cache-shapefile2none-OKeqWZ\Main_BoundingBoxAccumulator -1 32 fo 0 BOUNDING_BOX  0  72259b5f65cc157c560d34307f742766d26f0698.ffs'
2024-01-07 19:30:15|   0.5|  0.2|INFORM|User data: {'pipeline_name': 'pipeline4', 'interval': '7', 'start_date': '2023-08-01', 'end_date': '2023-08-22', 'output_id': 'c31c1bea-a4be-11e7-8650-3ae5c7149ea7', 'aoi': '{"type":"Polygon","coordinates":[[[19.9628788,49.8634472],[19.9628788,50.1001952],[20.387566,50.1001952],[20.387566,49.8634472],[19.9628788,49.8634472]]]}', 'min_aoi_coverage_percentage': '10', 'pipeline_url': 'https://api.skywatch.co/earthcache/pipelines/', 'pipeline_id': None, 'status': None, 'exists': None, 'api_key': 'd090561b-838e-41e5-ba0a-41cf224c63d4', 'headers': {'x-api-key': 'd090561b-838e-41e5-ba0a-41cf224c63d4'}, 'body': {'name': 'pipeline4', 'interval': '7d', 'start_date': '2023-08-01', 'end_date': '2023-08-22', 'min_aoi_coverage_percentage': 10, 'output': {'id': 'c31c1bea-a4be-11e7-8650-3ae5c7149ea7', 'format': 'geotiff', 'mosaic': 'off'}, 'aoi': {'type': 'Polygon', 'coordinates': [[[19.9628788, 49.8634472], [19.9628788, 50.1001952], [20.387566, 50.1001952], [20.387566, 49.8634472], [19.9628788, 49.8634472]]]}, 'max_cost': 0, 'result_delivery': {'max_latency': '0d', 'priorities': ['highest_resolution', 'latest', 'lowest_cost']}, 'resolution_low': 30, 'resolution_high': 10, 'tags': []}}
2024-01-07 19:30:15|   0.5|  0.0|INFORM|Checking SkyWatch pipelines...
2024-01-07 19:30:16|   0.5|  0.0|INFORM|GET https://api.skywatch.co/earthcache/pipelines/
{'User-Agent': 'python-requests/2.31.0', 'Accept-Encoding': 'gzip, deflate', 'Accept': '*/*', 'Connection': 'keep-alive', 'x-api-key': 'd090561b-838e-41e5-ba0a-41cf224c63d4'}
2024-01-07 19:30:16|   0.5|  0.0|INFORM|A pipeline with the name "pipeline4" already exists.
2024-01-07 19:30:16|   0.5|  0.0|INFORM|The id for "pipeline4" is0ae5cc6f-ad80-11ee-a4cb-2d487d9ec47a.
2024-01-07 19:30:16|   0.5|  0.0|INFORM|Checking pipeline status...
2024-01-07 19:30:19|   0.5|  0.0|INFORM|GET https://api.skywatch.co/earthcache/pipelines/0ae5cc6f-ad80-11ee-a4cb-2d487d9ec47a
{'User-Agent': 'python-requests/2.31.0', 'Accept-Encoding': 'gzip, deflate', 'Accept': '*/*', 'Connection': 'keep-alive', 'x-api-key': 'd090561b-838e-41e5-ba0a-41cf224c63d4'}
2024-01-07 19:30:19|   0.5|  0.0|INFORM|Pipeline complete.
2024-01-07 19:30:19|   0.5|  0.0|INFORM|Retrieving pipeline results...
